make all --print-data-base --no-builtin-variables --no-builtin-rules --question
Makefile:35: *** missing separator.  Stop.
 
# GNU Make 4.3
# Built for x86_64-pc-linux-gnu
# Copyright (C) 1988-2020 Free Software Foundation, Inc.
# License GPLv3+: GNU GPL version 3 or later <http://gnu.org/licenses/gpl.html>
# This is free software: you are free to change and redistribute it.
# There is NO WARRANTY, to the extent permitted by law.

# Make data base, printed on Fri Oct  8 08:05:56 2021

# Variables

# environment
GDK_BACKEND = x11
# environment
LC_ALL = C
# environment
GJS_DEBUG_OUTPUT = stderr
# environment
VSCODE_IPC_HOOK_EXTHOST = /run/user/1000/vscode-ipc-ac6da333-6122-4acf-a0c5-7f5e51bf975b.sock
# environment
VSCODE_CWD = /home/mkas
# environment
WINDOWPATH = 2
# environment
GDM_LANG = en_US.UTF-8
# default
MAKE_COMMAND := make
# environment
QT_ACCESSIBILITY = 1
# automatic
@D = $(patsubst %/,%,$(dir $@))
# makefile (from 'Makefile', line 3)
EXECS := bin/client bin/dia2code
# environment
VSCODE_HANDLES_UNCAUGHT_ERRORS = true
# default
.VARIABLES := 
# environment
PWD = /home/mkas/ENSEA/karadagkanelouis
# automatic
%D = $(patsubst %/,%,$(dir $%))
# environment
XDG_DATA_DIRS = /usr/share/gnome:/usr/local/share/:/usr/share/
# automatic
^D = $(patsubst %/,%,$(dir $^))
# environment
VSCODE_LOG_STACK = false
# automatic
%F = $(notdir $%)
# environment
VSCODE_CODE_CACHE_PATH = /home/mkas/.config/Code/CachedData/7f6ab5485bbc008386c4386d08766667e155244e
# environment
LANG = C
# environment
XAUTHORITY = /run/user/1000/gdm/Xauthority
# default
.LOADED := 
# default
.INCLUDE_DIRS = /usr/local/include /usr/include /usr/include
# makefile
MAKEFLAGS = pqrR
# makefile
CURDIR := /home/mkas/ENSEA/karadagkanelouis
# environment
VSCODE_PIPE_LOGGING = true
# environment
APPLICATION_INSIGHTS_NO_DIAGNOSTIC_CHANNEL = true
# automatic
*D = $(patsubst %/,%,$(dir $*))
# environment
MFLAGS = -pqrR
# environment
SSH_AUTH_SOCK = /run/user/1000/keyring/ssh
# default
.SHELLFLAGS := -c
# automatic
+D = $(patsubst %/,%,$(dir $+))
# environment
VSCODE_CRASH_REPORTER_START_OPTIONS = {"companyName":"Microsoft","productName":"VSCode","submitURL":"appcenter://code?aid=fba07a4d-84bd-4fc8-a125-9640fc8ce171&uid=3c2bb635-9985-4f8c-b849-c5f391d13d99&iid=3c2bb635-9985-4f8c-b849-c5f391d13d99&sid=3c2bb635-9985-4f8c-b849-c5f391d13d99","uploadToServer":true}
# environment
XDG_SESSION_DESKTOP = gnome
# makefile (from 'Makefile', line 1)
MAKEFILE_LIST := Makefile
# automatic
@F = $(notdir $@)
# environment
VSCODE_VERBOSE_LOGGING = true
# environment
VSCODE_PID = 2047
# environment
XDG_SESSION_TYPE = x11
# automatic
?D = $(patsubst %/,%,$(dir $?))
# environment
SESSION_MANAGER = local/kalikane:@/tmp/.ICE-unix/1541,unix/kalikane:/tmp/.ICE-unix/1541
# automatic
*F = $(notdir $*)
# environment
QT_QPA_PLATFORMTHEME = qt5ct
# environment
CHROME_DESKTOP = code-url-handler.desktop
# environment
DBUS_SESSION_BUS_ADDRESS = unix:path=/run/user/1000/bus
# automatic
<D = $(patsubst %/,%,$(dir $<))
# environment
VSCODE_NLS_CONFIG = {"locale":"en-us","availableLanguages":{},"_languagePackSupport":true}
# environment
BREAKPAD_DUMP_LOCATION = /home/mkas/.config/Code/exthost Crash Reports
# default
MAKE_HOST := x86_64-pc-linux-gnu
# environment
GNOME_DESKTOP_SESSION_ID = this-is-deprecated
# makefile
SHELL = /bin/sh
# default
MAKECMDGOALS := all
# environment
XMODIFIERS = @im=ibus
# environment
GJS_DEBUG_TOPICS = JS ERROR;JS LOG
# environment
SHLVL = 0
# environment
MAKELEVEL := 0
# default
MAKE = $(MAKE_COMMAND)
# environment
PATH = /usr/local/sbin:/usr/sbin:/sbin:/usr/local/bin:/usr/bin:/bin:/usr/local/games:/usr/games:/home/mkas/.dotnet/tools
# default
MAKEFILES := 
# automatic
^F = $(notdir $^)
# environment
COMMAND_NOT_FOUND_INSTALL_PROMPT = 1
# makefile (from 'Makefile', line 2)
BINARIES := bin
# environment
INVOCATION_ID = 7e90480ebda24e0d81fe092da80a0c98
# environment
VSCODE_LOG_NATIVE = false
# environment
USERNAME = mkas
# automatic
?F = $(notdir $?)
# environment
XDG_CURRENT_DESKTOP = GNOME
# automatic
+F = $(notdir $+)
# environment
DESKTOP_SESSION = gnome
# environment
ORIGINAL_XDG_CURRENT_DESKTOP = GNOME
# environment
GNUMAKEFLAGS := 
# environment
LOGNAME = mkas
# environment
GIO_LAUNCHED_DESKTOP_FILE = /usr/share/applications/code.desktop
# makefile
.DEFAULT_GOAL := all
# environment
DISPLAY = :1
# environment
USER = mkas
# environment
GTK_MODULES = gail:atk-bridge
# default
MAKE_VERSION := 4.3
# environment
MANAGERPID = 1307
# environment
GIO_LAUNCHED_DESKTOP_FILE_PID = 2047
# environment
SSH_AGENT_PID = 1500
# environment
_ = /usr/share/code/code
# environment
XDG_RUNTIME_DIR = /run/user/1000
# environment
GPG_AGENT_INFO = /run/user/1000/gnupg/S.gpg-agent:0:1
# environment
POWERSHELL_TELEMETRY_OPTOUT = 1
# environment
JOURNAL_STREAM = 8:22351
# environment
XDG_SESSION_CLASS = user
# environment
VSCODE_AMD_ENTRYPOINT = vs/workbench/services/extensions/node/extensionHostProcess
# environment
HOME = /home/mkas
# environment
QT_IM_MODULE = ibus
# environment
_JAVA_OPTIONS = -Dawt.useSystemAAFontSettings=on -Dswing.aatext=true
# environment
ELECTRON_RUN_AS_NODE = 1
# environment
VSCODE_IPC_HOOK = /run/user/1000/vscode-dbd344ef-1.60.2-main.sock
# environment
DOTNET_CLI_TELEMETRY_OPTOUT = 1
# environment
IM_CONFIG_PHASE = 1
# default
.RECIPEPREFIX := 
# automatic
<F = $(notdir $<)
# default
SUFFIXES := 
# environment
QT_AUTO_SCREEN_SCALE_FACTOR = 0
# default
.FEATURES := target-specific order-only second-expansion else-if shortest-stem undefine oneshell nocomment grouped-target extra-prereqs archives jobserver output-sync check-symlink load
# environment
XDG_MENU_PREFIX = gnome-
# environment
GDMSESSION = gnome
# variable set hash-table stats:
# Load=103/1024=10%, Rehash=0, Collisions=5/119=4%

# Pattern-specific Variable Values

# No pattern-specific variable values.

# Directories

# . (device 2051, inode 1187067): 21 files, no impossibilities.
# bin (device 2051, inode 1187706): 4 files, no impossibilities.

# 25 files, no impossibilities in 2 directories.

# Implicit Rules

# No implicit rules.

# Files

clean-headers:
#  Implicit rule search has not been done.
#  Modification time never checked.
#  File has not been updated.
#  recipe to execute (from 'Makefile', line 24):
	./scripts/make_helper.sh clean-headers

# Not a target:
bin/client:
#  Implicit rule search has not been done.
#  Modification time never checked.
#  File has not been updated.

# Not a target:
Makefile:
#  Implicit rule search has not been done.
#  Modification time never checked.
#  File has not been updated.

clean:
#  Implicit rule search has not been done.
#  Modification time never checked.
#  File has not been updated.
#  recipe to execute (from 'Makefile', line 19):
	./scripts/make_helper.sh clean

# Not a target:
.DEFAULT:
#  Implicit rule search has not been done.
#  Modification time never checked.
#  File has not been updated.

all: bin/client bin/dia2code
#  Command line target.
#  Implicit rule search has not been done.
#  Modification time never checked.
#  File has not been updated.
#  recipe to execute (from 'Makefile', line 7):
	$(EXECS:%=./%)

push_git:
#  Implicit rule search has not been done.
#  Modification time never checked.
#  File has not been updated.

build:
#  Implicit rule search has not been done.
#  Modification time never checked.
#  File has not been updated.
 
#  recipe to execute (from 'Makefile', line 13):
	./scripts/make_helper.sh build

install-requirements:
#  Implicit rule search has not been done.
#  Modification time never checked.
#  File has not been updated.
#  recipe to execute (from 'Makefile', line 30):
	./scripts/requirements.sh

# Not a target:
bin/dia2code:
#  Implicit rule search has not been done.
#  Modification time never checked.
#  File has not been updated.

.PHONY: all build clean clean-headers install-requirements
#  Implicit rule search has not been done.
#  Modification time never checked.
#  File has not been updated.

# files hash-table stats:
# Load=12/1024=1%, Rehash=0, Collisions=0/25=0%
# VPATH Search Paths

# No 'vpath' search paths.

# No general ('VPATH' variable) search path.

# strcache buffers: 1 (0) / strings = 35 / storage = 301 B / avg = 8 B
# current buf: size = 8162 B / used = 301 B / count = 35 / avg = 8 B

# strcache performance: lookups = 64 / hit rate = 45%
# hash-table stats:
# Load=35/8192=0%, Rehash=0, Collisions=0/64=0%
# Finished Make data base on Fri Oct  8 08:05:56 2021

 
